2026-02-18 19:44:33,622 - app.main - INFO - Starting PPE Detection API...
2026-02-18 19:44:33,751 - app.services.ml_service - INFO - Model loaded successfully from app/models/best.pt
2026-02-18 19:44:33,751 - app.main - INFO - PPE Detection API started successfully
2026-02-18 19:44:35,615 - app.main - INFO - Starting PPE Detection API...
2026-02-18 19:44:35,711 - app.services.ml_service - INFO - Model loaded successfully from app/models/best.pt
2026-02-18 19:44:35,711 - app.main - INFO - PPE Detection API started successfully
2026-02-18 19:45:06,751 - app.main - INFO - Shutting down PPE Detection API...
2026-02-18 19:45:18,697 - app.main - INFO - Starting PPE Detection API...
2026-02-18 19:45:18,797 - app.services.ml_service - INFO - Model loaded successfully from app/models/best.pt
2026-02-18 19:45:18,799 - app.main - INFO - PPE Detection API started successfully
2026-02-18 19:46:55,762 - app.services.file_service - INFO - File saved: uploads/images/20260218_194655_af888c1e.jpg
2026-02-18 19:46:56,267 - app.services.file_service - INFO - Processed image saved: uploads/processed/processed_0_20260218_194656.jpg
2026-02-18 19:48:23,955 - app.services.file_service - INFO - File saved: uploads/videos/20260218_194823_bed0a926.avi
2026-02-18 19:49:23,087 - app.services.file_service - INFO - File saved: uploads/images/20260218_194923_c820db02.jpg
2026-02-18 19:49:23,221 - app.services.file_service - INFO - Processed image saved: uploads/processed/processed_0_20260218_194923.jpg
2026-02-18 19:50:11,988 - app.services.file_service - INFO - File saved: uploads/images/20260218_195011_660d4340.jpg
2026-02-18 19:50:12,128 - app.services.file_service - INFO - Processed image saved: uploads/processed/processed_0_20260218_195012.jpg
2026-02-18 20:03:03,078 - app.main - INFO - Shutting down PPE Detection API...
2026-02-18 20:03:03,702 - app.main - INFO - Shutting down PPE Detection API...
2026-02-18 20:03:15,472 - app.main - INFO - Starting PPE Detection API...
2026-02-18 20:03:15,473 - app.main - INFO - Starting PPE Detection API...
2026-02-18 20:03:15,599 - app.services.ml_service - INFO - Model loaded successfully from app/models/best.pt
2026-02-18 20:03:15,599 - app.services.ml_service - INFO - Model loaded successfully from app/models/best.pt
2026-02-18 20:03:15,599 - app.main - INFO - PPE Detection API started successfully
2026-02-18 20:03:15,600 - app.main - INFO - PPE Detection API started successfully
2026-02-18 20:03:19,973 - app.main - INFO - Shutting down PPE Detection API...
2026-02-18 20:03:27,569 - app.main - INFO - Starting PPE Detection API...
2026-02-18 20:03:27,692 - app.services.ml_service - INFO - Model loaded successfully from app/models/best.pt
2026-02-18 20:03:27,692 - app.main - INFO - PPE Detection API started successfully
2026-02-18 20:05:36,572 - app.main - INFO - Starting PPE Detection API...
2026-02-18 20:05:36,775 - app.services.ml_service - INFO - Model loaded successfully from app/models/best.pt
2026-02-18 20:05:36,776 - app.main - INFO - PPE Detection API started successfully
